\BOOKMARK [1][-]{section.1}{Introduction}{}% 1
\BOOKMARK [1][-]{section.2}{Preliminaries}{}% 2
\BOOKMARK [2][-]{subsection.2.1}{Literature Review}{section.2}% 3
\BOOKMARK [2][-]{subsection.2.2}{Vehicle}{section.2}% 4
\BOOKMARK [2][-]{subsection.2.3}{Sonar Model}{section.2}% 5
\BOOKMARK [2][-]{subsection.2.4}{Camera Model}{section.2}% 6
\BOOKMARK [2][-]{subsection.2.5}{Combined Model}{section.2}% 7
\BOOKMARK [1][-]{section.3}{Data Collection}{}% 8
\BOOKMARK [2][-]{subsection.3.1}{Setup}{section.3}% 9
\BOOKMARK [2][-]{subsection.3.2}{Sonar Image processing}{section.3}% 10
\BOOKMARK [2][-]{subsection.3.3}{Camera Image processing}{section.3}% 11
\BOOKMARK [1][-]{section.4}{Calibration}{}% 12
\BOOKMARK [2][-]{subsection.4.1}{Calibration process}{section.4}% 13
\BOOKMARK [2][-]{subsection.4.2}{Real time testing}{section.4}% 14
\BOOKMARK [1][-]{section.5}{Tracking Filters}{}% 15
\BOOKMARK [2][-]{subsection.5.1}{Estimation Theory}{section.5}% 16
\BOOKMARK [2][-]{subsection.5.2}{Particle Filter Algorithm}{section.5}% 17
\BOOKMARK [2][-]{subsection.5.3}{Dynamic Model}{section.5}% 18
\BOOKMARK [2][-]{subsection.5.4}{Measurement Model}{section.5}% 19
\BOOKMARK [2][-]{subsection.5.5}{Particle Filter Results}{section.5}% 20
\BOOKMARK [1][-]{section.6}{Conclusion}{}% 21
\BOOKMARK [1][-]{section*.31}{References}{}% 22
